<?xml version="1.0" encoding="UTF-8"?>
<!-- Generated by org.testng.reporters.JUnitReportReporter -->
<testsuite hostname="RIS-34B9R73" failures="0" tests="3" name="org.example.tests.CrossBrowserTests" time="38.046" errors="0" timestamp="2023-03-10T15:58:51 GMT" skipped="0">
  <testcase classname="org.example.tests.CrossBrowserTests" name="validLoginTest" time="10.002"/>
  <system-out/>
  <testcase classname="org.example.tests.CrossBrowserTests" name="validLoginTest" time="14.753"/>
  <system-out/>
  <testcase classname="org.example.tests.CrossBrowserTests" name="validLoginTest" time="13.291"/>
  <system-out/>
</testsuite> <!-- org.example.tests.CrossBrowserTests -->
